\BOOKMARK [0][-]{section*.1}{Indice}{}% 1
\BOOKMARK [0][-]{chapter*.3}{Elenco delle figure}{}% 2
\BOOKMARK [0][-]{chapter.1}{Introduzione}{}% 3
\BOOKMARK [1][-]{section.1.1}{Scopo del progetto}{chapter.1}% 4
\BOOKMARK [1][-]{section.1.2}{Tecnologie Utilizzate}{chapter.1}% 5
\BOOKMARK [2][-]{subsection.1.2.1}{Strumenti di sviluppo}{section.1.2}% 6
\BOOKMARK [2][-]{subsection.1.2.2}{Linguaggio e librerie utilizzate}{section.1.2}% 7
\BOOKMARK [1][-]{section.1.3}{Le principali tecnologie}{chapter.1}% 8
\BOOKMARK [2][-]{subsection.1.3.1}{QR-Code}{section.1.3}% 9
\BOOKMARK [2][-]{subsection.1.3.2}{OCR}{section.1.3}% 10
\BOOKMARK [0][-]{chapter.2}{Progettazione}{}% 11
\BOOKMARK [1][-]{section.2.1}{Requisiti}{chapter.2}% 12
\BOOKMARK [1][-]{section.2.2}{Architettura}{chapter.2}% 13
\BOOKMARK [1][-]{section.2.3}{Focus sulla sicurezza}{chapter.2}% 14
\BOOKMARK [2][-]{subsection.2.3.1}{Autenticazione}{section.2.3}% 15
\BOOKMARK [2][-]{subsection.2.3.2}{Composizione e lettura dei documenti}{section.2.3}% 16
\BOOKMARK [0][-]{chapter.3}{Funzionamento e Test}{}% 17
\BOOKMARK [1][-]{section.3.1}{Funzionamento dell'applicazione}{chapter.3}% 18
\BOOKMARK [1][-]{section.3.2}{Test eseguiti}{chapter.3}% 19
\BOOKMARK [0][-]{chapter.4}{Conclusioni}{}% 20
\BOOKMARK [0][-]{appendix.Alph1}{Manuale di installazione}{}% 21
